<?xml version="1.0" encoding="UTF-8"?>
<testng-results skipped="0" failed="0" total="2" passed="2">
  <reporter-output>
  </reporter-output>
  <suite name="Default suite" duration-ms="10888" started-at="2016-01-04T20:22:47Z" finished-at="2016-01-04T20:22:58Z">
    <groups>
    </groups>
    <test name="Default test" duration-ms="10888" started-at="2016-01-04T20:22:47Z" finished-at="2016-01-04T20:22:58Z">
      <class name="core.AppTest">
        <test-method status="PASS" signature="setUp()[pri:0, instance:core.AppTest@737996a0]" name="setUp" is-config="true" duration-ms="13099" started-at="2016-01-04T12:22:34Z" finished-at="2016-01-04T12:22:47Z">
          <reporter-output>
          </reporter-output>
        </test-method> <!-- setUp -->
        <test-method status="PASS" signature="PiedParker_add_spot()[pri:0, instance:core.AppTest@737996a0]" name="PiedParker_add_spot" duration-ms="7949" started-at="2016-01-04T12:22:47Z" finished-at="2016-01-04T12:22:55Z">
          <reporter-output>
          </reporter-output>
        </test-method> <!-- PiedParker_add_spot -->
        <test-method status="PASS" signature="PiedParker_del_spot()[pri:0, instance:core.AppTest@737996a0]" name="PiedParker_del_spot" duration-ms="2931" started-at="2016-01-04T12:22:55Z" finished-at="2016-01-04T12:22:58Z">
          <reporter-output>
          </reporter-output>
        </test-method> <!-- PiedParker_del_spot -->
        <test-method status="PASS" signature="tearDown()[pri:0, instance:core.AppTest@737996a0]" name="tearDown" is-config="true" duration-ms="4" started-at="2016-01-04T12:22:58Z" finished-at="2016-01-04T12:22:58Z">
          <reporter-output>
          </reporter-output>
        </test-method> <!-- tearDown -->
      </class> <!-- core.AppTest -->
    </test> <!-- Default test -->
  </suite> <!-- Default suite -->
</testng-results>
